GET / 404 25.589 ms - 139 {}
GET /api-docs 404 8.364 ms - 147 {}
GET /api-docs 404 1.852 ms - 147 {}
GET /docs 301 12.559 ms - 154 {}
GET /docs/ 200 13.519 ms - 3106 {}
GET /docs/swagger-ui-init.js 200 1.358 ms - 45148 {}
GET /docs/swagger-ui.css 200 66.655 ms - 154986 {}
GET /docs/swagger-ui-bundle.js 200 28.025 ms - 1485258 {}
GET /docs/swagger-ui-standalone-preset.js 200 265.182 ms - 229223 {}
GET /docs/favicon-32x32.png 200 2.217 ms - 628 {}
GET /docs/ 401 5.089 ms - 24 {}
GET /docs/ 500 10.004 ms - 465 {}
GET /favicon.ico 404 7.149 ms - 150 {}
GET /docs/ 500 7.903 ms - 465 {}
GET /docs/ 500 2.718 ms - 465 {}
GET /docs/ 500 9.822 ms - 465 {}
GET /docs/ 404 8.430 ms - 144 {}
GET /docs/ 200 13.271 ms - 3106 {}
GET /docs/swagger-ui.css 304 6.394 ms - - {}
GET /docs/swagger-ui-init.js 304 0.783 ms - - {}
GET /docs/swagger-ui-bundle.js 304 8.800 ms - - {}
GET /docs/swagger-ui-standalone-preset.js 304 10.508 ms - - {}
GET /docs/favicon-32x32.png 200 6.347 ms - 628 {}
GET / 500 27.005 ms - 1293 {}
GET /favicon.ico 404 3.171 ms - 133 {}
GET / 200 38.967 ms - 1249 {}
GET /docs 401 8.762 ms - 24 {}
GET /docs 301 4.366 ms - 154 {}
GET /docs/ 200 6.308 ms - 3106 {}
GET /docs/swagger-ui-init.js 200 12.984 ms - 50518 {}
GET /docs/swagger-ui.css 200 94.806 ms - 154986 {}
GET /docs/swagger-ui-standalone-preset.js 200 273.220 ms - 229223 {}
GET /docs/swagger-ui-bundle.js 200 292.656 ms - 1485258 {}
GET /docs/swagger-ui-init.js 200 9.920 ms - 50518 {}
GET /docs/swagger-ui-standalone-preset.js 200 16.659 ms - 229223 {}
GET /docs/swagger-ui-bundle.js 200 15.799 ms - 1485258 {}
GET / 304 4.576 ms - - {}
GET /docs/ 304 2.692 ms - - {}
GET /docs/swagger-ui.css 304 3.266 ms - - {}
GET /docs/swagger-ui-bundle.js 304 5.811 ms - - {}
GET /docs/swagger-ui-init.js 304 12.136 ms - - {}
GET /docs/swagger-ui-standalone-preset.js 304 20.556 ms - - {}
GET /docs/swagger-ui-init.js 304 4.109 ms - - {}
GET /docs/swagger-ui-bundle.js 304 16.166 ms - - {}
GET /docs/swagger-ui-standalone-preset.js 304 4.298 ms - - {}
GET /api/v1/users 500 28.923 ms - 143 {}
GET /api/v1/users 500 25.514 ms - 143 {}
GET /api/v1/users 500 2.959 ms - 143 {}
GET /api/v1/users 500 17.093 ms - 143 {}
GET /docs/ 304 8.719 ms - - {}
GET /docs/swagger-ui.css 304 14.347 ms - - {}
GET /docs/swagger-ui-init.js 304 13.614 ms - - {}
GET /docs/swagger-ui-standalone-preset.js 304 17.787 ms - - {}
GET /docs/swagger-ui-bundle.js 304 20.896 ms - - {}
GET /docs/favicon-32x32.png 200 11.924 ms - 628 {}
GET /api/v1/users 500 1.581 ms - 143 {}
GET /api/v1/users 500 1.928 ms - 143 {}
GET /api/v1/users 500 19.344 ms - 143 {}
GET /api/v1/users 400 47.358 ms - 143 {}
